<?xml version="1.0" encoding="UTF-8"?>
<!-- Generated by org.testng.reporters.JUnitReportReporter -->
<testsuite hostname="jemsnroy" failures="0" tests="2" name="com.ali.qa.tests.RegisterTest" time="10.796" errors="0" timestamp="07 Dec. 2022 20:06:10 GMT" skipped="0">
  <testcase classname="com.ali.qa.tests.RegisterTest" name="vldCNATest" time="5.810"/>
  <testcase classname="com.ali.qa.tests.RegisterTest" name="vldCNATest" time="4.986"/>
</testsuite> <!-- com.ali.qa.tests.RegisterTest -->
