<?xml version="1.0" encoding="UTF-8"?>
<!-- Generated by org.testng.reporters.JUnitReportReporter -->
<testsuite hostname="jemsnroy" failures="0" tests="3" name="com.ali.qa.tests.HomeTest" time="34.459" errors="0" timestamp="07 Dec. 2022 20:06:10 GMT" skipped="0">
  <testcase classname="com.ali.qa.tests.HomeTest" name="vldUsrNameTest" time="11.051"/>
  <testcase classname="com.ali.qa.tests.HomeTest" name="vldSSTest" time="11.407"/>
  <testcase classname="com.ali.qa.tests.HomeTest" name="vldMktTest" time="12.001"/>
</testsuite> <!-- com.ali.qa.tests.HomeTest -->
