<?xml version="1.0" encoding="UTF-8"?>
<!-- Generated by org.testng.reporters.JUnitReportReporter -->
<testsuite hostname="jemsnroy" failures="0" tests="2" name="com.ali.qa.tests.MarketplaceTest" time="25.329" errors="0" timestamp="07 Dec. 2022 20:06:10 GMT" skipped="0">
  <testcase classname="com.ali.qa.tests.MarketplaceTest" name="vldCLKTest" time="10.625"/>
  <testcase classname="com.ali.qa.tests.MarketplaceTest" name="vldLgoTest" time="14.704"/>
</testsuite> <!-- com.ali.qa.tests.MarketplaceTest -->
