<?xml version="1.0" encoding="UTF-8"?>
<!-- Generated by org.testng.reporters.JUnitReportReporter -->
<testsuite hostname="jemsnroy" failures="0" tests="2" name="com.ali.qa.tests.RegisterTest" time="11.206" errors="0" timestamp="14 Dec. 2022 02:29:29 GMT" skipped="0">
  <testcase classname="com.ali.qa.tests.RegisterTest" name="vldCNATest" time="5.777"/>
  <testcase classname="com.ali.qa.tests.RegisterTest" name="vldCNATest" time="5.429"/>
</testsuite> <!-- com.ali.qa.tests.RegisterTest -->
