<?xml version="1.0" encoding="UTF-8"?>
<!-- Generated by org.testng.reporters.JUnitReportReporter -->
<testsuite hostname="jemsnroy" failures="0" tests="5" name="com.ali.qa.tests.LoginTest" time="30.994" errors="0" timestamp="07 Dec. 2022 20:06:10 GMT" skipped="0">
  <testcase classname="com.ali.qa.tests.LoginTest" name="vldLinkTest" time="3.842"/>
  <testcase classname="com.ali.qa.tests.LoginTest" name="vldTitleTest" time="6.643"/>
  <testcase classname="com.ali.qa.tests.LoginTest" name="vldElementTest" time="3.969"/>
  <testcase classname="com.ali.qa.tests.LoginTest" name="vldSSTest" time="3.869"/>
  <testcase classname="com.ali.qa.tests.LoginTest" name="vldLgnTest" time="12.671"/>
</testsuite> <!-- com.ali.qa.tests.LoginTest -->
