<?xml version="1.0" encoding="UTF-8"?>
<!-- Generated by org.testng.reporters.JUnitReportReporter -->
<testsuite hostname="jemsnroy" failures="0" tests="5" name="com.ali.qa.tests.LoginTest" time="22.556" errors="0" timestamp="11 Dec. 2022 21:16:44 GMT" skipped="0">
  <testcase classname="com.ali.qa.tests.LoginTest" name="vldLinkTest" time="3.808"/>
  <testcase classname="com.ali.qa.tests.LoginTest" name="vldTitleTest" time="3.877"/>
  <testcase classname="com.ali.qa.tests.LoginTest" name="vldElementTest" time="3.934"/>
  <testcase classname="com.ali.qa.tests.LoginTest" name="vldSSTest" time="3.831"/>
  <testcase classname="com.ali.qa.tests.LoginTest" name="vldLgnTest" time="7.106"/>
</testsuite> <!-- com.ali.qa.tests.LoginTest -->
