<?xml version="1.0" encoding="UTF-8"?>
<!-- Generated by org.testng.reporters.JUnitReportReporter -->
<testsuite hostname="jemsnroy" failures="0" tests="3" name="com.ali.qa.tests.HomeTest" time="21.695" errors="0" timestamp="11 Dec. 2022 21:16:44 GMT" skipped="0">
  <testcase classname="com.ali.qa.tests.HomeTest" name="vldUsrNameTest" time="6.976"/>
  <testcase classname="com.ali.qa.tests.HomeTest" name="vldSSTest" time="6.952"/>
  <testcase classname="com.ali.qa.tests.HomeTest" name="vldMktTest" time="7.767"/>
</testsuite> <!-- com.ali.qa.tests.HomeTest -->
