<?xml version="1.0" encoding="UTF-8"?>
<!-- Generated by org.testng.reporters.JUnitReportReporter -->
<testsuite hostname="jemsnroy" failures="0" tests="2" name="com.ali.qa.tests.RegisterTest" time="10.885" errors="0" timestamp="11 Dec. 2022 21:16:44 GMT" skipped="0">
  <testcase classname="com.ali.qa.tests.RegisterTest" name="vldCNATest" time="5.054"/>
  <testcase classname="com.ali.qa.tests.RegisterTest" name="vldCNATest" time="5.831"/>
</testsuite> <!-- com.ali.qa.tests.RegisterTest -->
