<?xml version="1.0" encoding="UTF-8"?>
<!-- Generated by org.testng.reporters.JUnitReportReporter -->
<testsuite hostname="jemsnroy" failures="0" tests="2" name="com.ali.qa.tests.MarketplaceTest" time="17.942" errors="0" timestamp="11 Dec. 2022 21:16:44 GMT" skipped="0">
  <testcase classname="com.ali.qa.tests.MarketplaceTest" name="vldCLKTest" time="9.326"/>
  <testcase classname="com.ali.qa.tests.MarketplaceTest" name="vldLgoTest" time="8.616"/>
</testsuite> <!-- com.ali.qa.tests.MarketplaceTest -->
