<?xml version="1.0" encoding="UTF-8"?>
<!-- Generated by org.testng.reporters.JUnitReportReporter -->
<testsuite hostname="jemsnroy" failures="0" tests="2" name="com.ali.qa.tests.MarketplaceTest" time="28.493" errors="0" timestamp="07 Dec. 2022 20:13:43 GMT" skipped="0">
  <testcase classname="com.ali.qa.tests.MarketplaceTest" name="vldCLKTest" time="14.921"/>
  <testcase classname="com.ali.qa.tests.MarketplaceTest" name="vldLgoTest" time="13.572"/>
</testsuite> <!-- com.ali.qa.tests.MarketplaceTest -->
