<?xml version="1.0" encoding="UTF-8"?>
<!-- Generated by org.testng.reporters.JUnitReportReporter -->
<testsuite hostname="jemsnroy" failures="0" tests="5" name="com.ali.qa.tests.LoginTest" time="26.526" errors="0" timestamp="07 Dec. 2022 20:13:43 GMT" skipped="0">
  <testcase classname="com.ali.qa.tests.LoginTest" name="vldLinkTest" time="3.820"/>
  <testcase classname="com.ali.qa.tests.LoginTest" name="vldTitleTest" time="3.702"/>
  <testcase classname="com.ali.qa.tests.LoginTest" name="vldElementTest" time="4.089"/>
  <testcase classname="com.ali.qa.tests.LoginTest" name="vldSSTest" time="3.465"/>
  <testcase classname="com.ali.qa.tests.LoginTest" name="vldLgnTest" time="11.450"/>
</testsuite> <!-- com.ali.qa.tests.LoginTest -->
