<?xml version="1.0" encoding="UTF-8"?>
<!-- Generated by org.testng.reporters.JUnitReportReporter -->
<testsuite hostname="jemsnroy" failures="0" tests="2" name="com.ali.qa.tests.RegisterTest" time="128.674" errors="0" timestamp="07 Dec. 2022 20:13:43 GMT" skipped="0">
  <testcase classname="com.ali.qa.tests.RegisterTest" name="vldCNATest" time="5.709"/>
  <testcase classname="com.ali.qa.tests.RegisterTest" name="vldCNATest" time="122.965"/>
</testsuite> <!-- com.ali.qa.tests.RegisterTest -->
