<?xml version="1.0" encoding="UTF-8"?>
<!-- Generated by org.testng.reporters.JUnitReportReporter -->
<testsuite hostname="jemsnroy" failures="0" tests="3" name="com.ali.qa.tests.HomeTest" time="33.811" errors="0" timestamp="07 Dec. 2022 20:13:43 GMT" skipped="0">
  <testcase classname="com.ali.qa.tests.HomeTest" name="vldUsrNameTest" time="12.286"/>
  <testcase classname="com.ali.qa.tests.HomeTest" name="vldSSTest" time="12.211"/>
  <testcase classname="com.ali.qa.tests.HomeTest" name="vldMktTest" time="9.314"/>
</testsuite> <!-- com.ali.qa.tests.HomeTest -->
